[2026-06-10 14:27:22.375] The Last of Us (2025)S02E04.WEB-DL.1080p.Castellano E-AC3 5.1 Ingles E-AC3 5.1 .AMZN.x264.TTR Tracker error: "You last announced 110 s ago. Please respect the min interval." (torrent.c:775)
[2026-06-10 14:27:54.375] Marshals.Una.historia.de.Yellowstone.S01E03.1080p.SkySHO.WEB-DL.DD+5.1.x264-TSeD.mkv Tracker error: "unregistered torrent" (torrent.c:775)
[2026-06-10 14:28:14.376] Marshals.Una.historia.de.Yellowstone.S01E02.1080p.SkySHOW.WEB-DL.DD+5.1.x264-TSeD.mkv Tracker error: "unregistered torrent" (torrent.c:775)
[2026-06-10 14:28:16.529] Marshals.Una.historia.de.Yellowstone.S01E03.1080p.SkySHO.WEB-DL.DD+5.1.x264-TSeD.mkv Tracker error: "unregistered torrent" (torrent.c:775)
[2026-06-10 14:28:16.529] Marshals - Una historia de Yellowstone S01E06 [SKYSHO WEB-DL 1080p AVC ES DD+ 5.1][HDO].mkv Tracker error: "Torrent not registered with this tracker." (torrent.c:775)
[2026-06-10 14:28:23.376] Marshals.Una.historia.de.Yellowstone.S01E04.1080p.SkySHO.WEB-DL.DD+5.1.x264-TSeD.mkv Tracker error: "unregistered torrent" (torrent.c:775)
[2026-06-10 14:28:25.376] Marshals - Una historia de Yellowstone S01E07 [SKYSHO WEB-DL 1080p AVC ES DD+ 5.1][HDO].mkv Tracker error: "Torrent not registered with this tracker." (torrent.c:775)
[2026-06-10 14:28:27.585] Marshals - Una historia de Yellowstone S01E08 [SKYSHO WEB-DL 1080p AVC ES DD+ 5.1][HDO].mkv Tracker error: "Torrent not registered with this tracker." (torrent.c:775)
[2026-06-10 14:28:29.376] Marshals - Una historia de Yellowstone S01E09 [SKYSHO WEB-DL 1080p AVC ES DD+ 5.1][HDO].mkv Tracker error: "Torrent not registered with this tracker." (torrent.c:775)
[2026-06-10 14:28:33.377] Marshals.Una.historia.de.Yellowstone.S01E02.1080p.SkySHOW.WEB-DL.DD+5.1.x264-TSeD.mkv Tracker error: "unregistered torrent" (torrent.c:775)
[2026-06-10 14:28:37.377] Marshals - Una historia de Yellowstone S01E06 [SKYSHO WEB-DL 1080p AVC ES DD+ 5.1][HDO].mkv Tracker error: "Torrent not registered with this tracker." (torrent.c:775)
[2026-06-10 14:28:44.375] Marshals.Una.historia.de.Yellowstone.S01E04.1080p.SkySHO.WEB-DL.DD+5.1.x264-TSeD.mkv Tracker error: "unregistered torrent" (torrent.c:775)
[2026-06-10 14:28:44.375] Season 1 Tracker error: "You do not have permission to access a REJECTED In Moderation torrent." (torrent.c:775)
[2026-06-10 14:28:45.445] Marshals - Una historia de Yellowstone S01E07 [SKYSHO WEB-DL 1080p AVC ES DD+ 5.1][HDO].mkv Tracker error: "Torrent not registered with this tracker." (torrent.c:775)
[2026-06-10 14:28:46.550] Marshals - Una historia de Yellowstone S01E08 [SKYSHO WEB-DL 1080p AVC ES DD+ 5.1][HDO].mkv Tracker error: "Torrent not registered with this tracker." (torrent.c:775)
[2026-06-10 14:28:50.375] Marshals - Una historia de Yellowstone S01E09 [SKYSHO WEB-DL 1080p AVC ES DD+ 5.1][HDO].mkv Tracker error: "Torrent not registered with this tracker." (torrent.c:775)
[2026-06-10 14:29:03.375] La nena S01E01 [DSNP WEB-DL 1080p AVC ES DD+ 5.1][HDO].mkv Tracker error: "Torrent not registered with this tracker." (torrent.c:775)
[2026-06-10 14:29:05.375] Season 1 Tracker error: "You do not have permission to access a REJECTED In Moderation torrent." (torrent.c:775)
[2026-06-10 14:29:07.538] La nena S01E02 [DSNP WEB-DL 1080p AVC ES DD+ 5.1][HDO].mkv Tracker error: "Torrent not registered with this tracker." (torrent.c:775)
[2026-06-10 14:29:11.375] La nena S01E03 [DSNP WEB-DL 1080p AVC ES DD+ 5.1][HDO].mkv Tracker error: "Torrent not registered with this tracker." (torrent.c:775)
[2026-06-10 14:29:15.375] La nena S01E04 [DSNP WEB-DL 1080p AVC ES DD+ 5.1][HDO].mkv Tracker error: "Torrent not registered with this tracker." (torrent.c:775)
[2026-06-10 14:29:20.375] La nena S01E05 [DSNP WEB-DL 1080p AVC ES DD+ 5.1][HDO].mkv Tracker error: "Torrent not registered with this tracker." (torrent.c:775)
[2026-06-10 14:29:23.375] La nena S01E01 [DSNP WEB-DL 1080p AVC ES DD+ 5.1][HDO].mkv Tracker error: "Torrent not registered with this tracker." (torrent.c:775)
[2026-06-10 14:29:24.488] La nena S01E06 [DSNP WEB-DL 1080p AVC ES DD+ 5.1][HDO].mkv Tracker error: "Torrent not registered with this tracker." (torrent.c:775)
[2026-06-10 14:29:28.375] La nena S01E07 [DSNP WEB-DL 1080p AVC ES DD+ 5.1][HDO].mkv Tracker error: "Torrent not registered with this tracker." (torrent.c:775)
[2026-06-10 14:29:29.453] La nena S01E02 [DSNP WEB-DL 1080p AVC ES DD+ 5.1][HDO].mkv Tracker error: "Torrent not registered with this tracker." (torrent.c:775)
[2026-06-10 14:29:32.376] La nena S01E03 [DSNP WEB-DL 1080p AVC ES DD+ 5.1][HDO].mkv Tracker error: "Torrent not registered with this tracker." (torrent.c:775)
[2026-06-10 14:29:37.376] La nena S01E08 [DSNP WEB-DL 1080p AVC ES DD+ 5.1][HDO].mkv Tracker error: "Torrent not registered with this tracker." (torrent.c:775)
[2026-06-10 14:29:37.376] La nena S01E04 [DSNP WEB-DL 1080p AVC ES DD+ 5.1][HDO].mkv Tracker error: "Torrent not registered with this tracker." (torrent.c:775)
[2026-06-10 14:29:42.376] La nena S01E05 [DSNP WEB-DL 1080p AVC ES DD+ 5.1][HDO].mkv Tracker error: "Torrent not registered with this tracker." (torrent.c:775)
[2026-06-10 14:29:47.376] La nena S01E06 [DSNP WEB-DL 1080p AVC ES DD+ 5.1][HDO].mkv Tracker error: "Torrent not registered with this tracker." (torrent.c:775)
[2026-06-10 14:29:50.376] La nena S01E07 [DSNP WEB-DL 1080p AVC ES DD+ 5.1][HDO].mkv Tracker error: "Torrent not registered with this tracker." (torrent.c:775)
[2026-06-10 14:29:59.376] La nena S01E08 [DSNP WEB-DL 1080p AVC ES DD+ 5.1][HDO].mkv Tracker error: "Torrent not registered with this tracker." (torrent.c:775)
[2026-06-10 14:33:03.377] The Last of Us (2025)S02E04.WEB-DL.1080p.Castellano E-AC3 5.1 Ingles E-AC3 5.1 .AMZN.x264.TTR Tracker error: "You last announced 451 s ago. Please respect the min interval." (torrent.c:775)
[2026-06-10 14:33:35.376] Marshals.Una.historia.de.Yellowstone.S01E03.1080p.SkySHO.WEB-DL.DD+5.1.x264-TSeD.mkv Tracker error: "unregistered torrent" (torrent.c:775)
[2026-06-10 14:33:55.375] Marshals.Una.historia.de.Yellowstone.S01E03.1080p.SkySHO.WEB-DL.DD+5.1.x264-TSeD.mkv Tracker error: "unregistered torrent" (torrent.c:775)
[2026-06-10 14:33:58.374] Marshals - Una historia de Yellowstone S01E08 [SKYSHO WEB-DL 1080p AVC ES DD+ 5.1][HDO].mkv Tracker error: "Torrent not registered with this tracker." (torrent.c:775)
[2026-06-10 14:34:11.375] Marshals - Una historia de Yellowstone S01E09 [SKYSHO WEB-DL 1080p AVC ES DD+ 5.1][HDO].mkv Tracker error: "Torrent not registered with this tracker." (torrent.c:775)
[2026-06-10 14:34:16.375] Marshals - Una historia de Yellowstone S01E06 [SKYSHO WEB-DL 1080p AVC ES DD+ 5.1][HDO].mkv Tracker error: "Torrent not registered with this tracker." (torrent.c:775)
[2026-06-10 14:34:25.375] Marshals.Una.historia.de.Yellowstone.S01E02.1080p.SkySHOW.WEB-DL.DD+5.1.x264-TSeD.mkv Tracker error: "unregistered torrent" (torrent.c:775)
[2026-06-10 14:34:32.376] La nena S01E03 [DSNP WEB-DL 1080p AVC ES DD+ 5.1][HDO].mkv Tracker error: "Torrent not registered with this tracker." (torrent.c:775)
[2026-06-10 14:34:40.376] Marshals - Una historia de Yellowstone S01E07 [SKYSHO WEB-DL 1080p AVC ES DD+ 5.1][HDO].mkv Tracker error: "Torrent not registered with this tracker." (torrent.c:775)
[2026-06-10 14:34:42.530] Marshals.Una.historia.de.Yellowstone.S01E04.1080p.SkySHO.WEB-DL.DD+5.1.x264-TSeD.mkv Tracker error: "unregistered torrent" (torrent.c:775)
[2026-06-10 14:34:44.528] La nena S01E02 [DSNP WEB-DL 1080p AVC ES DD+ 5.1][HDO].mkv Tracker error: "Torrent not registered with this tracker." (torrent.c:775)
[2026-06-10 14:34:45.446] Marshals.Una.historia.de.Yellowstone.S01E02.1080p.SkySHOW.WEB-DL.DD+5.1.x264-TSeD.mkv Tracker error: "unregistered torrent" (torrent.c:775)
[2026-06-10 14:35:01.376] Marshals.Una.historia.de.Yellowstone.S01E04.1080p.SkySHO.WEB-DL.DD+5.1.x264-TSeD.mkv Tracker error: "unregistered torrent" (torrent.c:775)
[2026-06-10 14:35:01.376] Season 1 Tracker error: "You do not have permission to access a REJECTED In Moderation torrent." (torrent.c:775)
[2026-06-10 14:35:03.551] La nena S01E05 [DSNP WEB-DL 1080p AVC ES DD+ 5.1][HDO].mkv Tracker error: "Torrent not registered with this tracker." (torrent.c:775)
[2026-06-10 14:35:14.376] La nena S01E01 [DSNP WEB-DL 1080p AVC ES DD+ 5.1][HDO].mkv Tracker error: "Torrent not registered with this tracker." (torrent.c:775)
[2026-06-10 14:35:18.376] La nena S01E07 [DSNP WEB-DL 1080p AVC ES DD+ 5.1][HDO].mkv Tracker error: "Torrent not registered with this tracker." (torrent.c:775)
[2026-06-10 14:35:36.376] La nena S01E04 [DSNP WEB-DL 1080p AVC ES DD+ 5.1][HDO].mkv Tracker error: "Torrent not registered with this tracker." (torrent.c:775)
[2026-06-10 14:35:38.540] La nena S01E06 [DSNP WEB-DL 1080p AVC ES DD+ 5.1][HDO].mkv Tracker error: "Torrent not registered with this tracker." (torrent.c:775)
[2026-06-10 14:35:52.375] La nena S01E08 [DSNP WEB-DL 1080p AVC ES DD+ 5.1][HDO].mkv Tracker error: "Torrent not registered with this tracker." (torrent.c:775)
[2026-06-10 14:39:00.375] Marshals.Una.historia.de.Yellowstone.S01E03.1080p.SkySHO.WEB-DL.DD+5.1.x264-TSeD.mkv Tracker error: "unregistered torrent" (torrent.c:775)
[2026-06-10 14:40:26.375] Marshals.Una.historia.de.Yellowstone.S01E02.1080p.SkySHOW.WEB-DL.DD+5.1.x264-TSeD.mkv Tracker error: "unregistered torrent" (torrent.c:775)
[2026-06-10 14:40:56.376] Marshals.Una.historia.de.Yellowstone.S01E04.1080p.SkySHO.WEB-DL.DD+5.1.x264-TSeD.mkv Tracker error: "unregistered torrent" (torrent.c:775)
[2026-06-10 14:49:01.376] The Last of Us (2025)S02E04.WEB-DL.1080p.Castellano E-AC3 5.1 Ingles E-AC3 5.1 .AMZN.x264.TTR Tracker error: "You last announced 1409 s ago. Please respect the min interval." (torrent.c:775)
